  RandomPoint.cpp
e:\pcltest\pclcequanjingmanyoucube2\pclceshi\randompoint.cpp(257): warning C4244: “=”: 从“double”转换到“float”，可能丢失数据
e:\pcltest\pclcequanjingmanyoucube2\pclceshi\randompoint.cpp(258): warning C4244: “=”: 从“double”转换到“float”，可能丢失数据
e:\pcltest\pclcequanjingmanyoucube2\pclceshi\randompoint.cpp(262): warning C4244: “初始化”: 从“double”转换到“float”，可能丢失数据
e:\pcltest\pclcequanjingmanyoucube2\pclceshi\randompoint.cpp(263): warning C4244: “初始化”: 从“double”转换到“float”，可能丢失数据
  pclceshi.cpp
e:\pcltest\pclcequanjingmanyoucube2\include\gl\glui.h(880): warning C4244: “参数”: 从“double”转换到“GLfloat”，可能丢失数据
e:\pcltest\pclcequanjingmanyoucube2\pclceshi\pclceshi.cpp(16): warning C4067: 预处理器指令后有意外标记 - 应输入换行符
e:\pcltest\pclcequanjingmanyoucube2\pclceshi\pclceshi.cpp(17): warning C4067: 预处理器指令后有意外标记 - 应输入换行符
e:\pcltest\pclcequanjingmanyoucube2\pclceshi\pclceshi.cpp(19): warning C4067: 预处理器指令后有意外标记 - 应输入换行符
e:\program files\pcl 1.9.1\include\pcl-1.9\pcl\point_traits.h : warning C4819: 该文件包含不能在当前代码页(936)中表示的字符。请将该文件保存为 Unicode 格式以防止数据丢失
  正在生成代码
  3 of 1026 functions ( 0.3%) were compiled, the rest were copied from previous compilation.
    0 functions were new in current compilation
    0 functions had inline decision re-evaluated but remain unchanged
  已完成代码的生成
glui32.lib(algebra3.obj) : warning LNK4099: 未找到 PDB“GLUI.pdb”(使用“glui32.lib(algebra3.obj)”或在“E:\pcltest\pclcequanjingmanyoucube2\x64\Release\GLUI.pdb”中寻找)；正在链接对象，如同没有调试信息一样
glui32.lib(arcball.obj) : warning LNK4099: 未找到 PDB“GLUI.pdb”(使用“glui32.lib(arcball.obj)”或在“E:\pcltest\pclcequanjingmanyoucube2\x64\Release\GLUI.pdb”中寻找)；正在链接对象，如同没有调试信息一样
glui32.lib(glui.obj) : warning LNK4099: 未找到 PDB“GLUI.pdb”(使用“glui32.lib(glui.obj)”或在“E:\pcltest\pclcequanjingmanyoucube2\x64\Release\GLUI.pdb”中寻找)；正在链接对象，如同没有调试信息一样
glui32.lib(glui_add_controls.obj) : warning LNK4099: 未找到 PDB“GLUI.pdb”(使用“glui32.lib(glui_add_controls.obj)”或在“E:\pcltest\pclcequanjingmanyoucube2\x64\Release\GLUI.pdb”中寻找)；正在链接对象，如同没有调试信息一样
glui32.lib(glui_bitmaps.obj) : warning LNK4099: 未找到 PDB“GLUI.pdb”(使用“glui32.lib(glui_bitmaps.obj)”或在“E:\pcltest\pclcequanjingmanyoucube2\x64\Release\GLUI.pdb”中寻找)；正在链接对象，如同没有调试信息一样
glui32.lib(glui_bitmap_img_data.obj) : warning LNK4099: 未找到 PDB“GLUI.pdb”(使用“glui32.lib(glui_bitmap_img_data.obj)”或在“E:\pcltest\pclcequanjingmanyoucube2\x64\Release\GLUI.pdb”中寻找)；正在链接对象，如同没有调试信息一样
glui32.lib(glui_button.obj) : warning LNK4099: 未找到 PDB“GLUI.pdb”(使用“glui32.lib(glui_button.obj)”或在“E:\pcltest\pclcequanjingmanyoucube2\x64\Release\GLUI.pdb”中寻找)；正在链接对象，如同没有调试信息一样
glui32.lib(glui_checkbox.obj) : warning LNK4099: 未找到 PDB“GLUI.pdb”(使用“glui32.lib(glui_checkbox.obj)”或在“E:\pcltest\pclcequanjingmanyoucube2\x64\Release\GLUI.pdb”中寻找)；正在链接对象，如同没有调试信息一样
glui32.lib(glui_column.obj) : warning LNK4099: 未找到 PDB“GLUI.pdb”(使用“glui32.lib(glui_column.obj)”或在“E:\pcltest\pclcequanjingmanyoucube2\x64\Release\GLUI.pdb”中寻找)；正在链接对象，如同没有调试信息一样
glui32.lib(glui_control.obj) : warning LNK4099: 未找到 PDB“GLUI.pdb”(使用“glui32.lib(glui_control.obj)”或在“E:\pcltest\pclcequanjingmanyoucube2\x64\Release\GLUI.pdb”中寻找)；正在链接对象，如同没有调试信息一样
glui32.lib(glui_edittext.obj) : warning LNK4099: 未找到 PDB“GLUI.pdb”(使用“glui32.lib(glui_edittext.obj)”或在“E:\pcltest\pclcequanjingmanyoucube2\x64\Release\GLUI.pdb”中寻找)；正在链接对象，如同没有调试信息一样
glui32.lib(glui_listbox.obj) : warning LNK4099: 未找到 PDB“GLUI.pdb”(使用“glui32.lib(glui_listbox.obj)”或在“E:\pcltest\pclcequanjingmanyoucube2\x64\Release\GLUI.pdb”中寻找)；正在链接对象，如同没有调试信息一样
glui32.lib(glui_mouse_iaction.obj) : warning LNK4099: 未找到 PDB“GLUI.pdb”(使用“glui32.lib(glui_mouse_iaction.obj)”或在“E:\pcltest\pclcequanjingmanyoucube2\x64\Release\GLUI.pdb”中寻找)；正在链接对象，如同没有调试信息一样
glui32.lib(glui_node.obj) : warning LNK4099: 未找到 PDB“GLUI.pdb”(使用“glui32.lib(glui_node.obj)”或在“E:\pcltest\pclcequanjingmanyoucube2\x64\Release\GLUI.pdb”中寻找)；正在链接对象，如同没有调试信息一样
glui32.lib(glui_panel.obj) : warning LNK4099: 未找到 PDB“GLUI.pdb”(使用“glui32.lib(glui_panel.obj)”或在“E:\pcltest\pclcequanjingmanyoucube2\x64\Release\GLUI.pdb”中寻找)；正在链接对象，如同没有调试信息一样
glui32.lib(glui_radio.obj) : warning LNK4099: 未找到 PDB“GLUI.pdb”(使用“glui32.lib(glui_radio.obj)”或在“E:\pcltest\pclcequanjingmanyoucube2\x64\Release\GLUI.pdb”中寻找)；正在链接对象，如同没有调试信息一样
glui32.lib(glui_rollout.obj) : warning LNK4099: 未找到 PDB“GLUI.pdb”(使用“glui32.lib(glui_rollout.obj)”或在“E:\pcltest\pclcequanjingmanyoucube2\x64\Release\GLUI.pdb”中寻找)；正在链接对象，如同没有调试信息一样
glui32.lib(glui_rotation.obj) : warning LNK4099: 未找到 PDB“GLUI.pdb”(使用“glui32.lib(glui_rotation.obj)”或在“E:\pcltest\pclcequanjingmanyoucube2\x64\Release\GLUI.pdb”中寻找)；正在链接对象，如同没有调试信息一样
glui32.lib(glui_separator.obj) : warning LNK4099: 未找到 PDB“GLUI.pdb”(使用“glui32.lib(glui_separator.obj)”或在“E:\pcltest\pclcequanjingmanyoucube2\x64\Release\GLUI.pdb”中寻找)；正在链接对象，如同没有调试信息一样
glui32.lib(glui_spinner.obj) : warning LNK4099: 未找到 PDB“GLUI.pdb”(使用“glui32.lib(glui_spinner.obj)”或在“E:\pcltest\pclcequanjingmanyoucube2\x64\Release\GLUI.pdb”中寻找)；正在链接对象，如同没有调试信息一样
glui32.lib(glui_statictext.obj) : warning LNK4099: 未找到 PDB“GLUI.pdb”(使用“glui32.lib(glui_statictext.obj)”或在“E:\pcltest\pclcequanjingmanyoucube2\x64\Release\GLUI.pdb”中寻找)；正在链接对象，如同没有调试信息一样
glui32.lib(glui_string.obj) : warning LNK4099: 未找到 PDB“GLUI.pdb”(使用“glui32.lib(glui_string.obj)”或在“E:\pcltest\pclcequanjingmanyoucube2\x64\Release\GLUI.pdb”中寻找)；正在链接对象，如同没有调试信息一样
glui32.lib(glui_translation.obj) : warning LNK4099: 未找到 PDB“GLUI.pdb”(使用“glui32.lib(glui_translation.obj)”或在“E:\pcltest\pclcequanjingmanyoucube2\x64\Release\GLUI.pdb”中寻找)；正在链接对象，如同没有调试信息一样
glui32.lib(glui_window.obj) : warning LNK4099: 未找到 PDB“GLUI.pdb”(使用“glui32.lib(glui_window.obj)”或在“E:\pcltest\pclcequanjingmanyoucube2\x64\Release\GLUI.pdb”中寻找)；正在链接对象，如同没有调试信息一样
glui32.lib(quaternion.obj) : warning LNK4099: 未找到 PDB“GLUI.pdb”(使用“glui32.lib(quaternion.obj)”或在“E:\pcltest\pclcequanjingmanyoucube2\x64\Release\GLUI.pdb”中寻找)；正在链接对象，如同没有调试信息一样
  pclceshi.vcxproj -> E:\pcltest\pclcequanjingmanyoucube2\x64\Release\pclceshi.exe
